{
  "RSpec": {
    "coverage": {
      "/Users/student/Projects/boris_bikes.rb/spec/bike_container_test_spec.rb": {
        "lines": [
          1,
          1,
          null,
          1,
          1,
          null,
          null,
          1,
          1,
          null
        ]
      },
      "/Users/student/Projects/boris_bikes.rb/lib/bike_container.rb": {
        "lines": [
          1,
          null,
          1,
          null,
          1,
          null,
          1,
          8,
          8,
          null,
          null,
          1,
          26,
          25,
          null,
          null,
          1,
          4,
          3,
          null,
          null,
          1,
          6,
          null,
          null,
          1,
          26,
          null,
          null,
          1,
          null,
          1,
          null
        ]
      },
      "/Users/student/Projects/boris_bikes.rb/spec/support/shared_examples_for_bike_container.rb": {
        "lines": [
          1,
          null,
          1,
          1,
          null,
          null,
          1,
          1,
          1,
          1,
          1,
          null,
          null,
          null,
          1,
          3,
          null,
          1,
          1,
          null,
          null,
          1,
          1,
          1,
          null,
          null,
          1,
          21,
          2,
          null,
          null,
          null,
          1,
          4,
          4,
          null,
          1,
          1,
          null,
          null,
          1,
          1,
          1,
          null,
          null,
          1,
          1,
          2,
          null,
          null,
          null
        ]
      },
      "/Users/student/Projects/boris_bikes.rb/spec/bike_spec.rb": {
        "lines": [
          1,
          null,
          1,
          1,
          1,
          1,
          1,
          1,
          null,
          null,
          null
        ]
      },
      "/Users/student/Projects/boris_bikes.rb/lib/bike.rb": {
        "lines": [
          1,
          null,
          1,
          null,
          1,
          21,
          null,
          null,
          1,
          7,
          null,
          null,
          1,
          5,
          null,
          null
        ]
      },
      "/Users/student/Projects/boris_bikes.rb/spec/docking_station_spec.rb": {
        "lines": [
          1,
          null,
          1,
          null,
          5,
          3,
          null,
          1,
          1,
          2,
          null,
          null,
          1,
          1,
          1,
          null,
          null,
          1,
          1,
          null,
          null,
          1,
          1,
          2,
          null,
          null,
          null,
          1,
          1,
          1,
          1,
          2,
          null,
          null,
          1,
          1,
          1,
          null,
          null,
          1,
          1,
          1,
          null,
          null,
          null,
          1,
          1,
          1,
          null,
          null,
          null
        ]
      },
      "/Users/student/Projects/boris_bikes.rb/lib/docking_station.rb": {
        "lines": [
          1,
          null,
          1,
          null,
          1,
          1,
          1,
          null,
          1,
          null,
          1,
          7,
          7,
          7,
          null,
          null,
          1,
          3,
          1,
          null,
          null,
          1,
          6,
          5,
          2,
          null,
          3,
          null,
          null,
          null,
          1,
          null,
          1,
          3,
          null,
          null,
          1,
          6,
          null,
          null,
          null
        ]
      },
      "/Users/student/Projects/boris_bikes.rb/spec/garage_spec.rb": {
        "lines": [
          1,
          null,
          1,
          null,
          9,
          2,
          10,
          9,
          9,
          3,
          null,
          1,
          1,
          2,
          null,
          null,
          1,
          1,
          1,
          2,
          null,
          null,
          1,
          2,
          null,
          null,
          1,
          1,
          1,
          null,
          null,
          null,
          1,
          1,
          1,
          1,
          1,
          1,
          null,
          null,
          1,
          1,
          1,
          1,
          1,
          1,
          null,
          null,
          null,
          1,
          1,
          1,
          1,
          1,
          1,
          2,
          null,
          null,
          1,
          1,
          1,
          2,
          null,
          null,
          1,
          1,
          1,
          1,
          1,
          1,
          null,
          null,
          null,
          1,
          1,
          1,
          null,
          null,
          null,
          null
        ]
      },
      "/Users/student/Projects/boris_bikes.rb/lib/garage.rb": {
        "lines": [
          1,
          null,
          1,
          null,
          1,
          1,
          1,
          null,
          1,
          null,
          1,
          11,
          11,
          11,
          null,
          null,
          1,
          11,
          10,
          9,
          8,
          8,
          null,
          null,
          1,
          5,
          5,
          5,
          null,
          null,
          1,
          5,
          4,
          3,
          3,
          null,
          null,
          1,
          null,
          1,
          9,
          null,
          null,
          1,
          4,
          null,
          null,
          null
        ]
      },
      "/Users/student/Projects/boris_bikes.rb/lib/van.rb": {
        "lines": [
          1,
          null,
          1,
          null,
          1,
          1,
          1,
          null,
          1,
          null,
          1,
          8,
          8,
          8,
          null,
          null,
          1,
          7,
          6,
          5,
          4,
          4,
          null,
          null,
          1,
          3,
          2,
          1,
          1,
          null,
          null,
          1,
          null,
          1,
          5,
          null,
          null,
          1,
          2,
          null,
          null
        ]
      },
      "/Users/student/Projects/boris_bikes.rb/spec/van_spec.rb": {
        "lines": [
          1,
          null,
          1,
          null,
          7,
          8,
          7,
          1,
          6,
          3,
          2,
          2,
          null,
          1,
          1,
          2,
          null,
          null,
          1,
          1,
          1,
          2,
          null,
          null,
          1,
          2,
          null,
          null,
          1,
          1,
          1,
          null,
          null,
          null,
          1,
          1,
          2,
          null,
          null,
          1,
          1,
          2,
          null,
          null,
          1,
          1,
          1,
          1,
          1,
          1,
          1,
          1,
          null,
          null,
          null,
          1,
          1,
          1,
          null,
          null,
          null
        ]
      }
    },
    "timestamp": 1581692587
  }
}
